<?xml version="1.0" encoding="UTF-8"?>
<testsuite xmlns:xsi="http://www.w3.org/2001/XMLSchema-instance" xsi:noNamespaceSchemaLocation="https://maven.apache.org/surefire/maven-surefire-plugin/xsd/surefire-test-report-3.0.xsd" version="3.0" name="com.example.storage.bucket.AutoclassTest(sponge_log)" time="5.918" tests="1" errors="0" skipped="0" failures="0">
  <properties>
[...]
</properties>
  <testcase name="testSetGetBucketAutoclass" classname="com.example.storage.bucket.AutoclassTest(sponge_log)" time="5.917">
    <system-out><![CDATA[Autoclass for bucket gcloud-test-bucket-temp-f99bbd84-e876-40cc-86a1-ad49f25bb5e0 was enabled.
Autoclass terminal storage class is NEARLINE
Autoclass is currently enabled for bucket gcloud-test-bucket-temp-f99bbd84-e876-40cc-86a1-ad49f25bb5e0 and was last changed at 2024-09-13T20:30:51.687Z. The terminal storage class is set to be NEARLINE last updated at 2024-09-13T20:30:51.687Z
]]></system-out>
  </testcase>
</testsuite>